<?xml version="1.0" encoding="UTF-8"?>
<testng-results skipped="0" failed="0" ignored="0" total="1" passed="1">
  <reporter-output>
  </reporter-output>
  <suite name="Default suite" duration-ms="16246" started-at="2020-03-25T19:27:42Z" finished-at="2020-03-25T19:27:58Z">
    <groups>
    </groups>
    <test name="Default test" duration-ms="16246" started-at="2020-03-25T19:27:42Z" finished-at="2020-03-25T19:27:58Z">
      <class name="scripts.No_1_test">
        <test-method status="PASS" signature="generatereport()[pri:0, instance:scripts.No_1_test@754ba872]" name="generatereport" is-config="true" duration-ms="250" started-at="2020-03-25T19:27:42Z" finished-at="2020-03-25T19:27:42Z">
          <reporter-output>
          </reporter-output>
        </test-method> <!-- generatereport -->
        <test-method status="PASS" signature="beforeClass()[pri:0, instance:scripts.No_1_test@754ba872]" name="beforeClass" is-config="true" duration-ms="10615" started-at="2020-03-25T19:27:42Z" finished-at="2020-03-25T19:27:53Z">
          <reporter-output>
          </reporter-output>
        </test-method> <!-- beforeClass -->
        <test-method status="PASS" signature="methodname(java.lang.reflect.Method)[pri:0, instance:scripts.No_1_test@754ba872]" name="methodname" is-config="true" duration-ms="16" started-at="2020-03-25T19:27:53Z" finished-at="2020-03-25T19:27:53Z">
          <params>
            <param index="0">
              <value>
                <![CDATA[public void scripts.No_1_test.numkey1test() throws java.lang.Exception]]>
              </value>
            </param>
          </params>
          <reporter-output>
          </reporter-output>
        </test-method> <!-- methodname -->
        <test-method status="PASS" signature="numkey1test()[pri:0, instance:scripts.No_1_test@754ba872]" name="numkey1test" duration-ms="4143" started-at="2020-03-25T19:27:53Z" finished-at="2020-03-25T19:27:57Z">
          <reporter-output>
          </reporter-output>
        </test-method> <!-- numkey1test -->
        <test-method status="PASS" signature="afterClass()[pri:0, instance:scripts.No_1_test@754ba872]" name="afterClass" is-config="true" duration-ms="1193" started-at="2020-03-25T19:27:57Z" finished-at="2020-03-25T19:27:58Z">
          <reporter-output>
          </reporter-output>
        </test-method> <!-- afterClass -->
      </class> <!-- scripts.No_1_test -->
    </test> <!-- Default test -->
  </suite> <!-- Default suite -->
</testng-results>
